

Started GET "/" for 127.0.0.1 at 2016-10-10 10:33:10 +0200
Processing by Rails::WelcomeController#index as HTML
  Rendered /home/deborah/.rbenv/versions/2.3.1/lib/ruby/gems/2.3.0/gems/railties-4.2.6/lib/rails/templates/rails/welcome/index.html.erb (2.5ms)
Completed 200 OK in 54ms (Views: 30.0ms | ActiveRecord: 0.0ms)


Started GET "/" for 127.0.0.1 at 2016-10-10 10:38:18 +0200
Processing by ApplicationController#hello as HTML
  Rendered html template (0.0ms)
Completed 200 OK in 42ms (Views: 34.4ms | ActiveRecord: 0.0ms)
  [1m[36m (49.0ms)[0m  [1mCREATE TABLE `schema_migrations` (`version` varchar(255) NOT NULL) ENGINE=InnoDB[0m
  [1m[35m (40.8ms)[0m  CREATE UNIQUE INDEX `unique_schema_migrations`  ON `schema_migrations` (`version`) 
  [1m[36mActiveRecord::SchemaMigration Load (0.3ms)[0m  [1mSELECT `schema_migrations`.* FROM `schema_migrations`[0m
Migrating to CreateUsers (20161010084259)
  [1m[35m (28.5ms)[0m  CREATE TABLE `users` (`id` int(11) auto_increment PRIMARY KEY, `name` varchar(255), `email` varchar(255), `created_at` datetime NOT NULL, `updated_at` datetime NOT NULL) ENGINE=InnoDB
  [1m[36m (0.2ms)[0m  [1mBEGIN[0m
  [1m[35mSQL (2.1ms)[0m  INSERT INTO `schema_migrations` (`version`) VALUES ('20161010084259')
  [1m[36m (16.7ms)[0m  [1mCOMMIT[0m
  [1m[35mActiveRecord::SchemaMigration Load (0.4ms)[0m  SELECT `schema_migrations`.* FROM `schema_migrations`
  [1m[36m (19.9ms)[0m  [1mSELECT fk.referenced_table_name as 'to_table'
      ,fk.referenced_column_name as 'primary_key'
      ,fk.column_name as 'column'
      ,fk.constraint_name as 'name'
FROM information_schema.key_column_usage fk
WHERE fk.referenced_column_name is not null
  AND fk.table_schema = 'db'
  AND fk.table_name = 'users'
[0m
  [1m[35m (0.3ms)[0m  SHOW CREATE TABLE `users`
  [1m[36mActiveRecord::SchemaMigration Load (0.4ms)[0m  [1mSELECT `schema_migrations`.* FROM `schema_migrations`[0m
  [1m[35mActiveRecord::SchemaMigration Load (0.3ms)[0m  SELECT `schema_migrations`.* FROM `schema_migrations`
  [1m[36m (0.4ms)[0m  [1mSELECT fk.referenced_table_name as 'to_table'
      ,fk.referenced_column_name as 'primary_key'
      ,fk.column_name as 'column'
      ,fk.constraint_name as 'name'
FROM information_schema.key_column_usage fk
WHERE fk.referenced_column_name is not null
  AND fk.table_schema = 'db'
  AND fk.table_name = 'users'
[0m
  [1m[35m (0.3ms)[0m  SHOW CREATE TABLE `users`


Started GET "/" for 127.0.0.1 at 2016-10-10 10:48:17 +0200
  [1m[36mActiveRecord::SchemaMigration Load (0.2ms)[0m  [1mSELECT `schema_migrations`.* FROM `schema_migrations`[0m
Processing by ApplicationController#hello as HTML
  Rendered html template (0.0ms)
Completed 200 OK in 15ms (Views: 5.9ms | ActiveRecord: 0.0ms)


Started GET "/" for 127.0.0.1 at 2016-10-10 10:48:19 +0200
Processing by ApplicationController#hello as HTML
  Rendered html template (0.0ms)
Completed 200 OK in 1ms (Views: 0.4ms | ActiveRecord: 0.0ms)


Started GET "/user" for 127.0.0.1 at 2016-10-10 10:49:14 +0200

ActionController::RoutingError (No route matches [GET] "/user"):
  actionpack (4.2.6) lib/action_dispatch/middleware/debug_exceptions.rb:21:in `call'
  web-console (2.3.0) lib/web_console/middleware.rb:28:in `block in call'
  web-console (2.3.0) lib/web_console/middleware.rb:18:in `catch'
  web-console (2.3.0) lib/web_console/middleware.rb:18:in `call'
  actionpack (4.2.6) lib/action_dispatch/middleware/show_exceptions.rb:30:in `call'
  railties (4.2.6) lib/rails/rack/logger.rb:38:in `call_app'
  railties (4.2.6) lib/rails/rack/logger.rb:20:in `block in call'
  activesupport (4.2.6) lib/active_support/tagged_logging.rb:68:in `block in tagged'
  activesupport (4.2.6) lib/active_support/tagged_logging.rb:26:in `tagged'
  activesupport (4.2.6) lib/active_support/tagged_logging.rb:68:in `tagged'
  railties (4.2.6) lib/rails/rack/logger.rb:20:in `call'
  actionpack (4.2.6) lib/action_dispatch/middleware/request_id.rb:21:in `call'
  rack (1.6.4) lib/rack/methodoverride.rb:22:in `call'
  rack (1.6.4) lib/rack/runtime.rb:18:in `call'
  activesupport (4.2.6) lib/active_support/cache/strategy/local_cache_middleware.rb:28:in `call'
  rack (1.6.4) lib/rack/lock.rb:17:in `call'
  actionpack (4.2.6) lib/action_dispatch/middleware/static.rb:120:in `call'
  rack (1.6.4) lib/rack/sendfile.rb:113:in `call'
  railties (4.2.6) lib/rails/engine.rb:518:in `call'
  railties (4.2.6) lib/rails/application.rb:165:in `call'
  rack (1.6.4) lib/rack/lock.rb:17:in `call'
  rack (1.6.4) lib/rack/content_length.rb:15:in `call'
  rack (1.6.4) lib/rack/handler/webrick.rb:88:in `service'
  /home/deborah/.rbenv/versions/2.3.1/lib/ruby/2.3.0/webrick/httpserver.rb:140:in `service'
  /home/deborah/.rbenv/versions/2.3.1/lib/ruby/2.3.0/webrick/httpserver.rb:96:in `run'
  /home/deborah/.rbenv/versions/2.3.1/lib/ruby/2.3.0/webrick/server.rb:296:in `block in start_thread'


  Rendered /home/deborah/.rbenv/versions/2.3.1/lib/ruby/gems/2.3.0/gems/actionpack-4.2.6/lib/action_dispatch/middleware/templates/rescues/_trace.html.erb (2.5ms)
  Rendered /home/deborah/.rbenv/versions/2.3.1/lib/ruby/gems/2.3.0/gems/actionpack-4.2.6/lib/action_dispatch/middleware/templates/routes/_route.html.erb (0.9ms)
  Rendered /home/deborah/.rbenv/versions/2.3.1/lib/ruby/gems/2.3.0/gems/actionpack-4.2.6/lib/action_dispatch/middleware/templates/routes/_table.html.erb (27.3ms)
  Rendered /home/deborah/.rbenv/versions/2.3.1/lib/ruby/gems/2.3.0/gems/actionpack-4.2.6/lib/action_dispatch/middleware/templates/rescues/_request_and_response.html.erb (1.1ms)
  Rendered /home/deborah/.rbenv/versions/2.3.1/lib/ruby/gems/2.3.0/gems/actionpack-4.2.6/lib/action_dispatch/middleware/templates/rescues/routing_error.html.erb within rescues/layout (74.0ms)
  Rendered /home/deborah/.rbenv/versions/2.3.1/lib/ruby/gems/2.3.0/gems/web-console-2.3.0/lib/web_console/templates/_markup.html.erb (0.3ms)
  Rendered /home/deborah/.rbenv/versions/2.3.1/lib/ruby/gems/2.3.0/gems/web-console-2.3.0/lib/web_console/templates/_inner_console_markup.html.erb within layouts/inlined_string (0.3ms)
  Rendered /home/deborah/.rbenv/versions/2.3.1/lib/ruby/gems/2.3.0/gems/web-console-2.3.0/lib/web_console/templates/_prompt_box_markup.html.erb within layouts/inlined_string (0.4ms)
  Rendered /home/deborah/.rbenv/versions/2.3.1/lib/ruby/gems/2.3.0/gems/web-console-2.3.0/lib/web_console/templates/style.css.erb within layouts/inlined_string (0.8ms)
  Rendered /home/deborah/.rbenv/versions/2.3.1/lib/ruby/gems/2.3.0/gems/web-console-2.3.0/lib/web_console/templates/console.js.erb within layouts/javascript (33.1ms)
  Rendered /home/deborah/.rbenv/versions/2.3.1/lib/ruby/gems/2.3.0/gems/web-console-2.3.0/lib/web_console/templates/main.js.erb within layouts/javascript (0.3ms)
  Rendered /home/deborah/.rbenv/versions/2.3.1/lib/ruby/gems/2.3.0/gems/web-console-2.3.0/lib/web_console/templates/error_page.js.erb within layouts/javascript (0.9ms)
  Rendered /home/deborah/.rbenv/versions/2.3.1/lib/ruby/gems/2.3.0/gems/web-console-2.3.0/lib/web_console/templates/index.html.erb (52.1ms)


Started GET "/users" for 127.0.0.1 at 2016-10-10 10:50:16 +0200
Processing by UsersController#index as HTML
  [1m[35mUser Load (0.4ms)[0m  SELECT `users`.* FROM `users`
  Rendered users/index.html.erb within layouts/application (4.4ms)
Completed 200 OK in 1884ms (Views: 1879.5ms | ActiveRecord: 1.0ms)


Started GET "/assets/scaffolds.self-1c9c7b2854cc18183e018b7cda46f4f260ada28d8237bf2117c9a40ef9961b78.css?body=1" for 127.0.0.1 at 2016-10-10 10:50:18 +0200


Started GET "/assets/application.self-e80e8f2318043e8af94dddc2adad5a4f09739a8ebb323b3ab31cd71d45fd9113.css?body=1" for 127.0.0.1 at 2016-10-10 10:50:18 +0200


Started GET "/assets/jquery.self-bd7ddd393353a8d2480a622e80342adf488fb6006d667e8b42e4c0073393abee.js?body=1" for 127.0.0.1 at 2016-10-10 10:50:18 +0200


Started GET "/assets/turbolinks.self-c5acd7a204f5f25ce7a1d8a0e4d92e28d34c9e2df2c7371cd7af88e147e4ad82.js?body=1" for 127.0.0.1 at 2016-10-10 10:50:18 +0200


Started GET "/assets/users.self-877aef30ae1b040ab8a3aba4e3e309a11d7f2612f44dde450b5c157aa5f95c05.js?body=1" for 127.0.0.1 at 2016-10-10 10:50:18 +0200


Started GET "/assets/users.self-e3b0c44298fc1c149afbf4c8996fb92427ae41e4649b934ca495991b7852b855.css?body=1" for 127.0.0.1 at 2016-10-10 10:50:18 +0200


Started GET "/assets/jquery_ujs.self-784a997f6726036b1993eb2217c9cb558e1cbb801c6da88105588c56f13b466a.js?body=1" for 127.0.0.1 at 2016-10-10 10:50:18 +0200


Started GET "/assets/application.self-3b8dabdc891efe46b9a144b400ad69e37d7e5876bdc39dee783419a69d7ca819.js?body=1" for 127.0.0.1 at 2016-10-10 10:50:18 +0200


Started GET "/users/new" for 127.0.0.1 at 2016-10-10 10:50:26 +0200
Processing by UsersController#new as HTML
  Rendered users/_form.html.erb (32.0ms)
  Rendered users/new.html.erb within layouts/application (33.7ms)
Completed 200 OK in 100ms (Views: 72.8ms | ActiveRecord: 3.2ms)


Started POST "/users" for 127.0.0.1 at 2016-10-10 10:51:12 +0200
Processing by UsersController#create as HTML
  Parameters: {"utf8"=>"✓", "authenticity_token"=>"0HTPdDtIg9/LmHQ8E5l6Cqzv8rsypvggEDegRsTyy8ZbGBZmw8AhbdqducmhOmAwTuNWUSP3FcDJ5mA2FrUreg==", "user"=>{"name"=>"Prova", "email"=>"Provaaaa"}, "commit"=>"Create User"}
  [1m[36m (0.3ms)[0m  [1mBEGIN[0m
  [1m[35mSQL (0.4ms)[0m  INSERT INTO `users` (`name`, `email`, `created_at`, `updated_at`) VALUES ('Prova', 'Provaaaa', '2016-10-10 08:51:12', '2016-10-10 08:51:12')
  [1m[36m (3.4ms)[0m  [1mCOMMIT[0m
Redirected to http://localhost:3000/users/1
Completed 302 Found in 13ms (ActiveRecord: 4.1ms)


Started GET "/users/1" for 127.0.0.1 at 2016-10-10 10:51:12 +0200
Processing by UsersController#show as HTML
  Parameters: {"id"=>"1"}
  [1m[35mUser Load (0.4ms)[0m  SELECT  `users`.* FROM `users` WHERE `users`.`id` = 1 LIMIT 1
  Rendered users/show.html.erb within layouts/application (0.8ms)
Completed 200 OK in 97ms (Views: 35.7ms | ActiveRecord: 0.4ms)


Started GET "/users" for 127.0.0.1 at 2016-10-10 10:51:24 +0200
Processing by UsersController#index as HTML
  [1m[36mUser Load (4.1ms)[0m  [1mSELECT `users`.* FROM `users`[0m
  Rendered users/index.html.erb within layouts/application (5.5ms)
Completed 200 OK in 23ms (Views: 17.8ms | ActiveRecord: 4.1ms)


Started DELETE "/users/1" for 127.0.0.1 at 2016-10-10 10:51:29 +0200
Processing by UsersController#destroy as HTML
  Parameters: {"authenticity_token"=>"pyz5G6GzwdenjiBJoyrObDv0YROPrPe9JuxwCKcs6zcsQCAJWTtjZbaL7bwRidRW2fjF+Z79Gl3/PbB4dWsLiw==", "id"=>"1"}
  [1m[35mUser Load (0.4ms)[0m  SELECT  `users`.* FROM `users` WHERE `users`.`id` = 1 LIMIT 1
  [1m[36m (0.3ms)[0m  [1mBEGIN[0m
  [1m[35mSQL (9.0ms)[0m  DELETE FROM `users` WHERE `users`.`id` = 1
  [1m[36m (3.0ms)[0m  [1mCOMMIT[0m
Redirected to http://localhost:3000/users
Completed 302 Found in 16ms (ActiveRecord: 12.6ms)


Started GET "/users" for 127.0.0.1 at 2016-10-10 10:51:29 +0200
Processing by UsersController#index as HTML
  [1m[35mUser Load (0.3ms)[0m  SELECT `users`.* FROM `users`
  Rendered users/index.html.erb within layouts/application (1.1ms)
Completed 200 OK in 16ms (Views: 13.6ms | ActiveRecord: 0.3ms)


Started GET "/users/new" for 127.0.0.1 at 2016-10-10 11:06:22 +0200
Processing by UsersController#new as HTML
  Rendered users/_form.html.erb (2.3ms)
  Rendered users/new.html.erb within layouts/application (3.2ms)
Completed 200 OK in 23ms (Views: 22.8ms | ActiveRecord: 0.0ms)


Started POST "/users" for 127.0.0.1 at 2016-10-10 11:06:35 +0200
Processing by UsersController#create as HTML
  Parameters: {"utf8"=>"✓", "authenticity_token"=>"YpYBJ8jxitMFQXu4OAHad3gVi3oWM8xpoRPcan9J6Inp+tg1MHkoYRREtk2KosBNmhkvkAdiIYl4whwarQ4INQ==", "user"=>{"name"=>"NameUser", "email"=>"Name@gmail.com"}, "commit"=>"Create User"}
  [1m[36m (0.1ms)[0m  [1mBEGIN[0m
  [1m[35mSQL (0.2ms)[0m  INSERT INTO `users` (`name`, `email`, `created_at`, `updated_at`) VALUES ('NameUser', 'Name@gmail.com', '2016-10-10 09:06:35', '2016-10-10 09:06:35')
  [1m[36m (49.0ms)[0m  [1mCOMMIT[0m
Redirected to http://localhost:3000/users/2
Completed 302 Found in 53ms (ActiveRecord: 49.4ms)


Started GET "/users/2" for 127.0.0.1 at 2016-10-10 11:06:35 +0200
Processing by UsersController#show as HTML
  Parameters: {"id"=>"2"}
  [1m[35mUser Load (0.3ms)[0m  SELECT  `users`.* FROM `users` WHERE `users`.`id` = 2 LIMIT 1
  Rendered users/show.html.erb within layouts/application (0.3ms)
Completed 200 OK in 23ms (Views: 21.9ms | ActiveRecord: 0.3ms)


Started GET "/users" for 127.0.0.1 at 2016-10-10 11:06:41 +0200
Processing by UsersController#index as HTML
  [1m[36mUser Load (0.3ms)[0m  [1mSELECT `users`.* FROM `users`[0m
  Rendered users/index.html.erb within layouts/application (1.2ms)
Completed 200 OK in 21ms (Views: 20.7ms | ActiveRecord: 0.3ms)


Started GET "/users/2" for 127.0.0.1 at 2016-10-10 11:06:47 +0200
Processing by UsersController#show as HTML
  Parameters: {"id"=>"2"}
  [1m[35mUser Load (0.3ms)[0m  SELECT  `users`.* FROM `users` WHERE `users`.`id` = 2 LIMIT 1
  Rendered users/show.html.erb within layouts/application (0.4ms)
Completed 200 OK in 33ms (Views: 31.2ms | ActiveRecord: 0.3ms)


Started GET "/users" for 127.0.0.1 at 2016-10-10 11:06:49 +0200
Processing by UsersController#index as HTML
  [1m[36mUser Load (0.3ms)[0m  [1mSELECT `users`.* FROM `users`[0m
  Rendered users/index.html.erb within layouts/application (1.6ms)
Completed 200 OK in 26ms (Views: 25.4ms | ActiveRecord: 0.3ms)


Started GET "/users/1" for 127.0.0.1 at 2016-10-10 11:31:10 +0200
Processing by UsersController#show as HTML
  Parameters: {"id"=>"1"}
  [1m[35mUser Load (3.1ms)[0m  SELECT  `users`.* FROM `users` WHERE `users`.`id` = 1 LIMIT 1
Completed 404 Not Found in 4ms (ActiveRecord: 3.1ms)

ActiveRecord::RecordNotFound (Couldn't find User with 'id'=1):
  app/controllers/users_controller.rb:67:in `set_user'


  Rendered /home/deborah/.rbenv/versions/2.3.1/lib/ruby/gems/2.3.0/gems/actionpack-4.2.6/lib/action_dispatch/middleware/templates/rescues/_source.erb (4.1ms)
  Rendered /home/deborah/.rbenv/versions/2.3.1/lib/ruby/gems/2.3.0/gems/actionpack-4.2.6/lib/action_dispatch/middleware/templates/rescues/_trace.html.erb (3.6ms)
  Rendered /home/deborah/.rbenv/versions/2.3.1/lib/ruby/gems/2.3.0/gems/actionpack-4.2.6/lib/action_dispatch/middleware/templates/rescues/_request_and_response.html.erb (0.9ms)
  Rendered /home/deborah/.rbenv/versions/2.3.1/lib/ruby/gems/2.3.0/gems/actionpack-4.2.6/lib/action_dispatch/middleware/templates/rescues/diagnostics.html.erb within rescues/layout (26.6ms)
  Rendered /home/deborah/.rbenv/versions/2.3.1/lib/ruby/gems/2.3.0/gems/web-console-2.3.0/lib/web_console/templates/_markup.html.erb (1.0ms)
  Rendered /home/deborah/.rbenv/versions/2.3.1/lib/ruby/gems/2.3.0/gems/web-console-2.3.0/lib/web_console/templates/_inner_console_markup.html.erb within layouts/inlined_string (0.3ms)
  Rendered /home/deborah/.rbenv/versions/2.3.1/lib/ruby/gems/2.3.0/gems/web-console-2.3.0/lib/web_console/templates/_prompt_box_markup.html.erb within layouts/inlined_string (0.5ms)
  Rendered /home/deborah/.rbenv/versions/2.3.1/lib/ruby/gems/2.3.0/gems/web-console-2.3.0/lib/web_console/templates/style.css.erb within layouts/inlined_string (0.3ms)
  Rendered /home/deborah/.rbenv/versions/2.3.1/lib/ruby/gems/2.3.0/gems/web-console-2.3.0/lib/web_console/templates/console.js.erb within layouts/javascript (19.4ms)
  Rendered /home/deborah/.rbenv/versions/2.3.1/lib/ruby/gems/2.3.0/gems/web-console-2.3.0/lib/web_console/templates/main.js.erb within layouts/javascript (0.5ms)
  Rendered /home/deborah/.rbenv/versions/2.3.1/lib/ruby/gems/2.3.0/gems/web-console-2.3.0/lib/web_console/templates/error_page.js.erb within layouts/javascript (8.5ms)
  Rendered /home/deborah/.rbenv/versions/2.3.1/lib/ruby/gems/2.3.0/gems/web-console-2.3.0/lib/web_console/templates/index.html.erb (47.3ms)


Started GET "/users/new" for 127.0.0.1 at 2016-10-10 11:31:56 +0200
Processing by UsersController#new as HTML
  Rendered users/_form.html.erb (6.3ms)
  Rendered users/new.html.erb within layouts/application (7.2ms)
Completed 200 OK in 46ms (Views: 44.6ms | ActiveRecord: 0.0ms)


Started POST "/users" for 127.0.0.1 at 2016-10-10 11:32:32 +0200
Processing by UsersController#create as HTML
  Parameters: {"utf8"=>"✓", "authenticity_token"=>"nr61b2NkZCW1lTOWnPflX9hBkByScAEW20GKapsc9nsV0mx9m+zGl6SQ/mMuVP9lOk009oMh7PYCkEoaSVsWxw==", "user"=>{"name"=>"Mika Hartl", "email"=>"mhartl@example.org"}, "commit"=>"Create User"}
  [1m[36m (5.0ms)[0m  [1mBEGIN[0m
  [1m[35mSQL (0.5ms)[0m  INSERT INTO `users` (`name`, `email`, `created_at`, `updated_at`) VALUES ('Mika Hartl', 'mhartl@example.org', '2016-10-10 09:32:32', '2016-10-10 09:32:32')
  [1m[36m (44.1ms)[0m  [1mCOMMIT[0m
Redirected to http://localhost:3000/users/3
Completed 302 Found in 54ms (ActiveRecord: 49.7ms)


Started GET "/users/3" for 127.0.0.1 at 2016-10-10 11:32:32 +0200
Processing by UsersController#show as HTML
  Parameters: {"id"=>"3"}
  [1m[35mUser Load (6.1ms)[0m  SELECT  `users`.* FROM `users` WHERE `users`.`id` = 3 LIMIT 1
  Rendered users/show.html.erb within layouts/application (0.8ms)
Completed 200 OK in 23ms (Views: 15.7ms | ActiveRecord: 6.1ms)


Started GET "/users" for 127.0.0.1 at 2016-10-10 11:32:35 +0200
Processing by UsersController#index as HTML
  [1m[36mUser Load (0.6ms)[0m  [1mSELECT `users`.* FROM `users`[0m
  Rendered users/index.html.erb within layouts/application (2.6ms)
Completed 200 OK in 28ms (Views: 26.3ms | ActiveRecord: 0.6ms)


Started DELETE "/users/3" for 127.0.0.1 at 2016-10-10 11:33:34 +0200
Processing by UsersController#destroy as HTML
  Parameters: {"authenticity_token"=>"pzobB7nWHZAa2SOofo+T8fURa5RhyIe2gdOdxAofOSwsVsIVQV6/Igvc7l3MLInLFx3PfnCZalZYAl202FjZkA==", "id"=>"3"}
  [1m[35mUser Load (0.4ms)[0m  SELECT  `users`.* FROM `users` WHERE `users`.`id` = 3 LIMIT 1
  [1m[36m (0.2ms)[0m  [1mBEGIN[0m
  [1m[35mSQL (0.4ms)[0m  DELETE FROM `users` WHERE `users`.`id` = 3
  [1m[36m (14.8ms)[0m  [1mCOMMIT[0m
Redirected to http://localhost:3000/users
Completed 302 Found in 19ms (ActiveRecord: 15.8ms)


Started GET "/users" for 127.0.0.1 at 2016-10-10 11:33:34 +0200
Processing by UsersController#index as HTML
  [1m[35mUser Load (0.2ms)[0m  SELECT `users`.* FROM `users`
  Rendered users/index.html.erb within layouts/application (1.0ms)
Completed 200 OK in 17ms (Views: 16.8ms | ActiveRecord: 0.2ms)


Started GET "/users/new" for 127.0.0.1 at 2016-10-10 11:34:37 +0200
Processing by UsersController#new as HTML
  Rendered users/_form.html.erb (1.4ms)
  Rendered users/new.html.erb within layouts/application (2.4ms)
Completed 200 OK in 22ms (Views: 21.2ms | ActiveRecord: 0.0ms)


Started POST "/users" for 127.0.0.1 at 2016-10-10 11:34:53 +0200
Processing by UsersController#create as HTML
  Parameters: {"utf8"=>"✓", "authenticity_token"=>"Zj/I1kTjtjVFG0nJXvc2mrdXBV0PbDo+VSRGSj2nK+ftUxHEvGsUh1QehDzsVCygVVuhtx49196M9YY67+DLWw==", "user"=>{"name"=>"NameUser", "email"=>""}, "commit"=>"Create User"}
  [1m[36m (0.2ms)[0m  [1mBEGIN[0m
  [1m[35mSQL (2.8ms)[0m  INSERT INTO `users` (`name`, `email`, `created_at`, `updated_at`) VALUES ('NameUser', '', '2016-10-10 09:34:53', '2016-10-10 09:34:53')
  [1m[36m (24.2ms)[0m  [1mCOMMIT[0m
Redirected to http://localhost:3000/users/4
Completed 302 Found in 30ms (ActiveRecord: 27.2ms)


Started GET "/users/4" for 127.0.0.1 at 2016-10-10 11:34:53 +0200
Processing by UsersController#show as HTML
  Parameters: {"id"=>"4"}
  [1m[35mUser Load (0.3ms)[0m  SELECT  `users`.* FROM `users` WHERE `users`.`id` = 4 LIMIT 1
  Rendered users/show.html.erb within layouts/application (0.3ms)
Completed 200 OK in 17ms (Views: 16.1ms | ActiveRecord: 0.3ms)


Started GET "/users" for 127.0.0.1 at 2016-10-10 11:35:04 +0200
Processing by UsersController#index as HTML
  [1m[36mUser Load (0.3ms)[0m  [1mSELECT `users`.* FROM `users`[0m
  Rendered users/index.html.erb within layouts/application (1.5ms)
Completed 200 OK in 17ms (Views: 16.4ms | ActiveRecord: 0.3ms)


Started GET "/users/new" for 127.0.0.1 at 2016-10-10 11:35:07 +0200
Processing by UsersController#new as HTML
  Rendered users/_form.html.erb (1.5ms)
  Rendered users/new.html.erb within layouts/application (2.2ms)
Completed 200 OK in 16ms (Views: 15.7ms | ActiveRecord: 0.0ms)


Started POST "/users" for 127.0.0.1 at 2016-10-10 11:35:55 +0200
Processing by UsersController#create as HTML
  Parameters: {"utf8"=>"✓", "authenticity_token"=>"VdOVa30g+lrFd0+/9Wz3GWhqUB4jitwmZi5vncGyv07ev0x5hahY6NRygkpHz+0jimb09DLbMca//6/tE/Vf8g==", "user"=>{"name"=>"", "email"=>"@example.com"}, "commit"=>"Create User"}
  [1m[35m (0.2ms)[0m  BEGIN
  [1m[36mSQL (0.5ms)[0m  [1mINSERT INTO `users` (`name`, `email`, `created_at`, `updated_at`) VALUES ('', '@example.com', '2016-10-10 09:35:55', '2016-10-10 09:35:55')[0m
  [1m[35m (25.9ms)[0m  COMMIT
Redirected to http://localhost:3000/users/5
Completed 302 Found in 30ms (ActiveRecord: 26.6ms)


Started GET "/users/5" for 127.0.0.1 at 2016-10-10 11:35:55 +0200
Processing by UsersController#show as HTML
  Parameters: {"id"=>"5"}
  [1m[36mUser Load (0.3ms)[0m  [1mSELECT  `users`.* FROM `users` WHERE `users`.`id` = 5 LIMIT 1[0m
  Rendered users/show.html.erb within layouts/application (0.3ms)
Completed 200 OK in 21ms (Views: 20.1ms | ActiveRecord: 0.3ms)


Started GET "/users" for 127.0.0.1 at 2016-10-10 11:35:59 +0200
Processing by UsersController#index as HTML
  [1m[35mUser Load (0.4ms)[0m  SELECT `users`.* FROM `users`
  Rendered users/index.html.erb within layouts/application (3.1ms)
Completed 200 OK in 21ms (Views: 20.1ms | ActiveRecord: 0.4ms)


Started DELETE "/users/5" for 127.0.0.1 at 2016-10-10 11:36:35 +0200
Processing by UsersController#destroy as HTML
  Parameters: {"authenticity_token"=>"b2ADAedYU73qNXDpni4Uw5Akcp1ILQF9uyjNVo9e6C7kDNoTH9DxD/swvRwsjQ75cijWd1l87J1i+Q0mXRkIkg==", "id"=>"5"}
  [1m[36mUser Load (0.5ms)[0m  [1mSELECT  `users`.* FROM `users` WHERE `users`.`id` = 5 LIMIT 1[0m
  [1m[35m (0.2ms)[0m  BEGIN
  [1m[36mSQL (0.3ms)[0m  [1mDELETE FROM `users` WHERE `users`.`id` = 5[0m
  [1m[35m (5.3ms)[0m  COMMIT
Redirected to http://localhost:3000/users
Completed 302 Found in 9ms (ActiveRecord: 6.3ms)


Started GET "/users" for 127.0.0.1 at 2016-10-10 11:36:35 +0200
Processing by UsersController#index as HTML
  [1m[36mUser Load (0.3ms)[0m  [1mSELECT `users`.* FROM `users`[0m
  Rendered users/index.html.erb within layouts/application (1.5ms)
Completed 200 OK in 13ms (Views: 12.5ms | ActiveRecord: 0.3ms)


Started DELETE "/users/4" for 127.0.0.1 at 2016-10-10 11:36:45 +0200
Processing by UsersController#destroy as HTML
  Parameters: {"authenticity_token"=>"4z84QvZ2nRgH5ri/Gvev4GQbm8DtvWZzgopqRyOPHW9oU+FQDv4/qhbjdUqoVLXahhc/Kvzsi5NbW6o38cj90w==", "id"=>"4"}
  [1m[35mUser Load (0.3ms)[0m  SELECT  `users`.* FROM `users` WHERE `users`.`id` = 4 LIMIT 1
  [1m[36m (0.1ms)[0m  [1mBEGIN[0m
  [1m[35mSQL (0.3ms)[0m  DELETE FROM `users` WHERE `users`.`id` = 4
  [1m[36m (3.0ms)[0m  [1mCOMMIT[0m
Redirected to http://localhost:3000/users
Completed 302 Found in 6ms (ActiveRecord: 3.8ms)


Started GET "/users" for 127.0.0.1 at 2016-10-10 11:36:45 +0200
Processing by UsersController#index as HTML
  [1m[35mUser Load (0.3ms)[0m  SELECT `users`.* FROM `users`
  Rendered users/index.html.erb within layouts/application (1.3ms)
Completed 200 OK in 21ms (Views: 20.4ms | ActiveRecord: 0.3ms)


Started GET "/" for 127.0.0.1 at 2016-10-10 11:52:53 +0200
Processing by UsersController#index as HTML
  [1m[36mUser Load (0.3ms)[0m  [1mSELECT `users`.* FROM `users`[0m
  Rendered users/index.html.erb within layouts/application (6.9ms)
Completed 200 OK in 29ms (Views: 25.8ms | ActiveRecord: 1.3ms)


Started GET "/assets/scaffolds.self-1c9c7b2854cc18183e018b7cda46f4f260ada28d8237bf2117c9a40ef9961b78.css?body=1" for 127.0.0.1 at 2016-10-10 11:52:53 +0200


Started GET "/assets/application.self-e80e8f2318043e8af94dddc2adad5a4f09739a8ebb323b3ab31cd71d45fd9113.css?body=1" for 127.0.0.1 at 2016-10-10 11:52:53 +0200


Started GET "/assets/jquery.self-bd7ddd393353a8d2480a622e80342adf488fb6006d667e8b42e4c0073393abee.js?body=1" for 127.0.0.1 at 2016-10-10 11:52:53 +0200


Started GET "/assets/jquery_ujs.self-784a997f6726036b1993eb2217c9cb558e1cbb801c6da88105588c56f13b466a.js?body=1" for 127.0.0.1 at 2016-10-10 11:52:53 +0200


Started GET "/assets/users.self-e3b0c44298fc1c149afbf4c8996fb92427ae41e4649b934ca495991b7852b855.css?body=1" for 127.0.0.1 at 2016-10-10 11:52:53 +0200


Started GET "/assets/application.self-3b8dabdc891efe46b9a144b400ad69e37d7e5876bdc39dee783419a69d7ca819.js?body=1" for 127.0.0.1 at 2016-10-10 11:52:53 +0200


Started GET "/assets/users.self-877aef30ae1b040ab8a3aba4e3e309a11d7f2612f44dde450b5c157aa5f95c05.js?body=1" for 127.0.0.1 at 2016-10-10 11:52:53 +0200


Started GET "/assets/turbolinks.self-c5acd7a204f5f25ce7a1d8a0e4d92e28d34c9e2df2c7371cd7af88e147e4ad82.js?body=1" for 127.0.0.1 at 2016-10-10 11:52:53 +0200


Started GET "/" for 127.0.0.1 at 2016-10-10 14:44:09 +0200
  [1m[36mActiveRecord::SchemaMigration Load (16.8ms)[0m  [1mSELECT `schema_migrations`.* FROM `schema_migrations`[0m
Processing by UsersController#index as HTML
  [1m[35mUser Load (14.1ms)[0m  SELECT `users`.* FROM `users`
  Rendered users/index.html.erb within layouts/application (24.9ms)
Completed 200 OK in 520ms (Views: 459.2ms | ActiveRecord: 17.4ms)


Started GET "/assets/scaffolds.self-1c9c7b2854cc18183e018b7cda46f4f260ada28d8237bf2117c9a40ef9961b78.css?body=1" for 127.0.0.1 at 2016-10-10 14:44:10 +0200


Started GET "/assets/users.self-e3b0c44298fc1c149afbf4c8996fb92427ae41e4649b934ca495991b7852b855.css?body=1" for 127.0.0.1 at 2016-10-10 14:44:10 +0200


Started GET "/assets/application.self-e80e8f2318043e8af94dddc2adad5a4f09739a8ebb323b3ab31cd71d45fd9113.css?body=1" for 127.0.0.1 at 2016-10-10 14:44:10 +0200


Started GET "/assets/jquery_ujs.self-784a997f6726036b1993eb2217c9cb558e1cbb801c6da88105588c56f13b466a.js?body=1" for 127.0.0.1 at 2016-10-10 14:44:10 +0200


Started GET "/assets/jquery.self-bd7ddd393353a8d2480a622e80342adf488fb6006d667e8b42e4c0073393abee.js?body=1" for 127.0.0.1 at 2016-10-10 14:44:10 +0200


Started GET "/assets/turbolinks.self-c5acd7a204f5f25ce7a1d8a0e4d92e28d34c9e2df2c7371cd7af88e147e4ad82.js?body=1" for 127.0.0.1 at 2016-10-10 14:44:10 +0200


Started GET "/assets/users.self-877aef30ae1b040ab8a3aba4e3e309a11d7f2612f44dde450b5c157aa5f95c05.js?body=1" for 127.0.0.1 at 2016-10-10 14:44:10 +0200


Started GET "/assets/application.self-3b8dabdc891efe46b9a144b400ad69e37d7e5876bdc39dee783419a69d7ca819.js?body=1" for 127.0.0.1 at 2016-10-10 14:44:10 +0200


Started GET "/users/1/edit" for 127.0.0.1 at 2016-10-10 15:15:58 +0200
  [1m[36mActiveRecord::SchemaMigration Load (0.4ms)[0m  [1mSELECT `schema_migrations`.* FROM `schema_migrations`[0m
Processing by UsersController#edit as HTML
  Parameters: {"id"=>"1"}
  [1m[35mUser Load (10.9ms)[0m  SELECT  `users`.* FROM `users` WHERE `users`.`id` = 1 LIMIT 1
Completed 404 Not Found in 77ms (ActiveRecord: 13.4ms)

ActiveRecord::RecordNotFound (Couldn't find User with 'id'=1):
  app/controllers/users_controller.rb:67:in `set_user'


  Rendered /home/deborah/.rbenv/versions/2.3.1/lib/ruby/gems/2.3.0/gems/actionpack-4.2.6/lib/action_dispatch/middleware/templates/rescues/_source.erb (3.2ms)
  Rendered /home/deborah/.rbenv/versions/2.3.1/lib/ruby/gems/2.3.0/gems/actionpack-4.2.6/lib/action_dispatch/middleware/templates/rescues/_trace.html.erb (2.2ms)
  Rendered /home/deborah/.rbenv/versions/2.3.1/lib/ruby/gems/2.3.0/gems/actionpack-4.2.6/lib/action_dispatch/middleware/templates/rescues/_request_and_response.html.erb (0.9ms)
  Rendered /home/deborah/.rbenv/versions/2.3.1/lib/ruby/gems/2.3.0/gems/actionpack-4.2.6/lib/action_dispatch/middleware/templates/rescues/diagnostics.html.erb within rescues/layout (29.3ms)
  Rendered /home/deborah/.rbenv/versions/2.3.1/lib/ruby/gems/2.3.0/gems/web-console-2.3.0/lib/web_console/templates/_markup.html.erb (0.4ms)
  Rendered /home/deborah/.rbenv/versions/2.3.1/lib/ruby/gems/2.3.0/gems/web-console-2.3.0/lib/web_console/templates/_inner_console_markup.html.erb within layouts/inlined_string (0.3ms)
  Rendered /home/deborah/.rbenv/versions/2.3.1/lib/ruby/gems/2.3.0/gems/web-console-2.3.0/lib/web_console/templates/_prompt_box_markup.html.erb within layouts/inlined_string (0.3ms)
  Rendered /home/deborah/.rbenv/versions/2.3.1/lib/ruby/gems/2.3.0/gems/web-console-2.3.0/lib/web_console/templates/style.css.erb within layouts/inlined_string (0.4ms)
  Rendered /home/deborah/.rbenv/versions/2.3.1/lib/ruby/gems/2.3.0/gems/web-console-2.3.0/lib/web_console/templates/console.js.erb within layouts/javascript (62.7ms)
  Rendered /home/deborah/.rbenv/versions/2.3.1/lib/ruby/gems/2.3.0/gems/web-console-2.3.0/lib/web_console/templates/main.js.erb within layouts/javascript (0.3ms)
  Rendered /home/deborah/.rbenv/versions/2.3.1/lib/ruby/gems/2.3.0/gems/web-console-2.3.0/lib/web_console/templates/error_page.js.erb within layouts/javascript (1.6ms)
  Rendered /home/deborah/.rbenv/versions/2.3.1/lib/ruby/gems/2.3.0/gems/web-console-2.3.0/lib/web_console/templates/index.html.erb (119.2ms)


Started GET "/users/" for 127.0.0.1 at 2016-10-10 15:16:10 +0200
Processing by UsersController#index as HTML
  [1m[36mUser Load (2.0ms)[0m  [1mSELECT `users`.* FROM `users`[0m
  Rendered users/index.html.erb within layouts/application (12.9ms)
Completed 200 OK in 269ms (Views: 266.6ms | ActiveRecord: 2.0ms)


Started GET "/users/NameUser" for 127.0.0.1 at 2016-10-10 15:16:17 +0200
Processing by UsersController#show as HTML
  Parameters: {"id"=>"NameUser"}
  [1m[35mUser Load (0.3ms)[0m  SELECT  `users`.* FROM `users` WHERE `users`.`id` = 0 LIMIT 1
Completed 404 Not Found in 2ms (ActiveRecord: 0.3ms)

ActiveRecord::RecordNotFound (Couldn't find User with 'id'=NameUser):
  app/controllers/users_controller.rb:67:in `set_user'


  Rendered /home/deborah/.rbenv/versions/2.3.1/lib/ruby/gems/2.3.0/gems/actionpack-4.2.6/lib/action_dispatch/middleware/templates/rescues/_source.erb (12.0ms)
  Rendered /home/deborah/.rbenv/versions/2.3.1/lib/ruby/gems/2.3.0/gems/actionpack-4.2.6/lib/action_dispatch/middleware/templates/rescues/_trace.html.erb (7.2ms)
  Rendered /home/deborah/.rbenv/versions/2.3.1/lib/ruby/gems/2.3.0/gems/actionpack-4.2.6/lib/action_dispatch/middleware/templates/rescues/_request_and_response.html.erb (1.0ms)
  Rendered /home/deborah/.rbenv/versions/2.3.1/lib/ruby/gems/2.3.0/gems/actionpack-4.2.6/lib/action_dispatch/middleware/templates/rescues/diagnostics.html.erb within rescues/layout (35.9ms)
  Rendered /home/deborah/.rbenv/versions/2.3.1/lib/ruby/gems/2.3.0/gems/web-console-2.3.0/lib/web_console/templates/_markup.html.erb (0.9ms)
  Rendered /home/deborah/.rbenv/versions/2.3.1/lib/ruby/gems/2.3.0/gems/web-console-2.3.0/lib/web_console/templates/_inner_console_markup.html.erb within layouts/inlined_string (0.5ms)
  Rendered /home/deborah/.rbenv/versions/2.3.1/lib/ruby/gems/2.3.0/gems/web-console-2.3.0/lib/web_console/templates/_prompt_box_markup.html.erb within layouts/inlined_string (0.3ms)
  Rendered /home/deborah/.rbenv/versions/2.3.1/lib/ruby/gems/2.3.0/gems/web-console-2.3.0/lib/web_console/templates/style.css.erb within layouts/inlined_string (0.4ms)
  Rendered /home/deborah/.rbenv/versions/2.3.1/lib/ruby/gems/2.3.0/gems/web-console-2.3.0/lib/web_console/templates/console.js.erb within layouts/javascript (20.9ms)
  Rendered /home/deborah/.rbenv/versions/2.3.1/lib/ruby/gems/2.3.0/gems/web-console-2.3.0/lib/web_console/templates/main.js.erb within layouts/javascript (0.8ms)
  Rendered /home/deborah/.rbenv/versions/2.3.1/lib/ruby/gems/2.3.0/gems/web-console-2.3.0/lib/web_console/templates/error_page.js.erb within layouts/javascript (0.4ms)
  Rendered /home/deborah/.rbenv/versions/2.3.1/lib/ruby/gems/2.3.0/gems/web-console-2.3.0/lib/web_console/templates/index.html.erb (44.9ms)


Started GET "/users/" for 127.0.0.1 at 2016-10-10 15:16:25 +0200
Processing by UsersController#index as HTML
  [1m[36mUser Load (0.4ms)[0m  [1mSELECT `users`.* FROM `users`[0m
  Rendered users/index.html.erb within layouts/application (1.8ms)
Completed 200 OK in 24ms (Views: 23.3ms | ActiveRecord: 0.4ms)


Started GET "/assets/scaffolds.self-1c9c7b2854cc18183e018b7cda46f4f260ada28d8237bf2117c9a40ef9961b78.css?body=1" for 127.0.0.1 at 2016-10-10 15:16:25 +0200


Started GET "/assets/users.self-e3b0c44298fc1c149afbf4c8996fb92427ae41e4649b934ca495991b7852b855.css?body=1" for 127.0.0.1 at 2016-10-10 15:16:25 +0200


Started GET "/assets/application.self-e80e8f2318043e8af94dddc2adad5a4f09739a8ebb323b3ab31cd71d45fd9113.css?body=1" for 127.0.0.1 at 2016-10-10 15:16:25 +0200


Started GET "/assets/jquery_ujs.self-784a997f6726036b1993eb2217c9cb558e1cbb801c6da88105588c56f13b466a.js?body=1" for 127.0.0.1 at 2016-10-10 15:16:25 +0200


Started GET "/assets/turbolinks.self-c5acd7a204f5f25ce7a1d8a0e4d92e28d34c9e2df2c7371cd7af88e147e4ad82.js?body=1" for 127.0.0.1 at 2016-10-10 15:16:25 +0200


Started GET "/assets/jquery.self-bd7ddd393353a8d2480a622e80342adf488fb6006d667e8b42e4c0073393abee.js?body=1" for 127.0.0.1 at 2016-10-10 15:16:25 +0200


Started GET "/assets/users.self-877aef30ae1b040ab8a3aba4e3e309a11d7f2612f44dde450b5c157aa5f95c05.js?body=1" for 127.0.0.1 at 2016-10-10 15:16:25 +0200


Started GET "/assets/application.self-3b8dabdc891efe46b9a144b400ad69e37d7e5876bdc39dee783419a69d7ca819.js?body=1" for 127.0.0.1 at 2016-10-10 15:16:25 +0200
  [1m[36mActiveRecord::SchemaMigration Load (0.4ms)[0m  [1mSELECT `schema_migrations`.* FROM `schema_migrations`[0m
Migrating to CreateMicroposts (20161010132510)
  [1m[35m (39.0ms)[0m  CREATE TABLE `microposts` (`id` int(11) auto_increment PRIMARY KEY, `content` text, `user_id` int(11), `created_at` datetime NOT NULL, `updated_at` datetime NOT NULL) ENGINE=InnoDB
  [1m[36m (0.3ms)[0m  [1mBEGIN[0m
  [1m[35mSQL (1.3ms)[0m  INSERT INTO `schema_migrations` (`version`) VALUES ('20161010132510')
  [1m[36m (3.2ms)[0m  [1mCOMMIT[0m
  [1m[35mActiveRecord::SchemaMigration Load (0.3ms)[0m  SELECT `schema_migrations`.* FROM `schema_migrations`
  [1m[36m (0.4ms)[0m  [1mSELECT fk.referenced_table_name as 'to_table'
      ,fk.referenced_column_name as 'primary_key'
      ,fk.column_name as 'column'
      ,fk.constraint_name as 'name'
FROM information_schema.key_column_usage fk
WHERE fk.referenced_column_name is not null
  AND fk.table_schema = 'db'
  AND fk.table_name = 'microposts'
[0m
  [1m[35m (0.3ms)[0m  SHOW CREATE TABLE `microposts`
  [1m[36m (0.4ms)[0m  [1mSELECT fk.referenced_table_name as 'to_table'
      ,fk.referenced_column_name as 'primary_key'
      ,fk.column_name as 'column'
      ,fk.constraint_name as 'name'
FROM information_schema.key_column_usage fk
WHERE fk.referenced_column_name is not null
  AND fk.table_schema = 'db'
  AND fk.table_name = 'users'
[0m
  [1m[35m (0.3ms)[0m  SHOW CREATE TABLE `users`


Started GET "/" for 127.0.0.1 at 2016-10-11 09:56:39 +0200
  [1m[36mActiveRecord::SchemaMigration Load (16.5ms)[0m  [1mSELECT `schema_migrations`.* FROM `schema_migrations`[0m
Processing by UsersController#index as HTML
  [1m[35mUser Load (14.1ms)[0m  SELECT `users`.* FROM `users`
  Rendered users/index.html.erb within layouts/application (21.0ms)
Completed 200 OK in 830ms (Views: 760.6ms | ActiveRecord: 14.8ms)


Started GET "/assets/microposts.self-e3b0c44298fc1c149afbf4c8996fb92427ae41e4649b934ca495991b7852b855.css?body=1" for 127.0.0.1 at 2016-10-11 09:56:40 +0200


Started GET "/assets/application.self-e80e8f2318043e8af94dddc2adad5a4f09739a8ebb323b3ab31cd71d45fd9113.css?body=1" for 127.0.0.1 at 2016-10-11 09:56:40 +0200


Started GET "/assets/users.self-e3b0c44298fc1c149afbf4c8996fb92427ae41e4649b934ca495991b7852b855.css?body=1" for 127.0.0.1 at 2016-10-11 09:56:40 +0200


Started GET "/assets/scaffolds.self-1c9c7b2854cc18183e018b7cda46f4f260ada28d8237bf2117c9a40ef9961b78.css?body=1" for 127.0.0.1 at 2016-10-11 09:56:40 +0200


Started GET "/assets/jquery.self-bd7ddd393353a8d2480a622e80342adf488fb6006d667e8b42e4c0073393abee.js?body=1" for 127.0.0.1 at 2016-10-11 09:56:40 +0200


Started GET "/assets/turbolinks.self-c5acd7a204f5f25ce7a1d8a0e4d92e28d34c9e2df2c7371cd7af88e147e4ad82.js?body=1" for 127.0.0.1 at 2016-10-11 09:56:40 +0200


Started GET "/assets/jquery_ujs.self-784a997f6726036b1993eb2217c9cb558e1cbb801c6da88105588c56f13b466a.js?body=1" for 127.0.0.1 at 2016-10-11 09:56:40 +0200


Started GET "/assets/microposts.self-877aef30ae1b040ab8a3aba4e3e309a11d7f2612f44dde450b5c157aa5f95c05.js?body=1" for 127.0.0.1 at 2016-10-11 09:56:40 +0200


Started GET "/assets/application.self-3b8dabdc891efe46b9a144b400ad69e37d7e5876bdc39dee783419a69d7ca819.js?body=1" for 127.0.0.1 at 2016-10-11 09:56:40 +0200


Started GET "/assets/users.self-877aef30ae1b040ab8a3aba4e3e309a11d7f2612f44dde450b5c157aa5f95c05.js?body=1" for 127.0.0.1 at 2016-10-11 09:56:40 +0200


Started GET "/microposts" for 127.0.0.1 at 2016-10-11 10:39:05 +0200
  [1m[36mActiveRecord::SchemaMigration Load (0.3ms)[0m  [1mSELECT `schema_migrations`.* FROM `schema_migrations`[0m
Processing by MicropostsController#index as HTML
  [1m[35mMicropost Load (7.9ms)[0m  SELECT `microposts`.* FROM `microposts`
  Rendered microposts/index.html.erb within layouts/application (11.5ms)
Completed 200 OK in 293ms (Views: 263.8ms | ActiveRecord: 8.4ms)


Started GET "/assets/jquery_ujs.self-784a997f6726036b1993eb2217c9cb558e1cbb801c6da88105588c56f13b466a.js?body=1" for 127.0.0.1 at 2016-10-11 10:39:06 +0200


Started GET "/assets/jquery.self-bd7ddd393353a8d2480a622e80342adf488fb6006d667e8b42e4c0073393abee.js?body=1" for 127.0.0.1 at 2016-10-11 10:39:06 +0200


Started GET "/assets/application.self-e80e8f2318043e8af94dddc2adad5a4f09739a8ebb323b3ab31cd71d45fd9113.css?body=1" for 127.0.0.1 at 2016-10-11 10:39:06 +0200


Started GET "/assets/microposts.self-877aef30ae1b040ab8a3aba4e3e309a11d7f2612f44dde450b5c157aa5f95c05.js?body=1" for 127.0.0.1 at 2016-10-11 10:39:06 +0200


Started GET "/assets/scaffolds.self-1c9c7b2854cc18183e018b7cda46f4f260ada28d8237bf2117c9a40ef9961b78.css?body=1" for 127.0.0.1 at 2016-10-11 10:39:06 +0200


Started GET "/assets/users.self-e3b0c44298fc1c149afbf4c8996fb92427ae41e4649b934ca495991b7852b855.css?body=1" for 127.0.0.1 at 2016-10-11 10:39:06 +0200


Started GET "/assets/turbolinks.self-c5acd7a204f5f25ce7a1d8a0e4d92e28d34c9e2df2c7371cd7af88e147e4ad82.js?body=1" for 127.0.0.1 at 2016-10-11 10:39:06 +0200


Started GET "/assets/microposts.self-e3b0c44298fc1c149afbf4c8996fb92427ae41e4649b934ca495991b7852b855.css?body=1" for 127.0.0.1 at 2016-10-11 10:39:06 +0200


Started GET "/assets/users.self-877aef30ae1b040ab8a3aba4e3e309a11d7f2612f44dde450b5c157aa5f95c05.js?body=1" for 127.0.0.1 at 2016-10-11 10:39:06 +0200


Started GET "/assets/application.self-3b8dabdc891efe46b9a144b400ad69e37d7e5876bdc39dee783419a69d7ca819.js?body=1" for 127.0.0.1 at 2016-10-11 10:39:06 +0200


Started GET "/microposts/new" for 127.0.0.1 at 2016-10-11 10:39:10 +0200
Processing by MicropostsController#new as HTML
  Rendered microposts/_form.html.erb (109.4ms)
  Rendered microposts/new.html.erb within layouts/application (160.8ms)
Completed 200 OK in 188ms (Views: 183.2ms | ActiveRecord: 0.8ms)


Started GET "/microposts" for 127.0.0.1 at 2016-10-11 10:39:20 +0200
Processing by MicropostsController#index as HTML
  [1m[36mMicropost Load (0.4ms)[0m  [1mSELECT `microposts`.* FROM `microposts`[0m
  Rendered microposts/index.html.erb within layouts/application (1.4ms)
Completed 200 OK in 22ms (Views: 21.0ms | ActiveRecord: 0.4ms)


Started GET "/microposts" for 127.0.0.1 at 2016-10-11 15:16:35 +0200
  [1m[36mActiveRecord::SchemaMigration Load (0.2ms)[0m  [1mSELECT `schema_migrations`.* FROM `schema_migrations`[0m
Processing by MicropostsController#index as HTML
  [1m[35mMicropost Load (0.3ms)[0m  SELECT `microposts`.* FROM `microposts`
  Rendered microposts/index.html.erb within layouts/application (3.0ms)
Completed 200 OK in 266ms (Views: 250.5ms | ActiveRecord: 0.7ms)


Started GET "/assets/microposts.self-e3b0c44298fc1c149afbf4c8996fb92427ae41e4649b934ca495991b7852b855.css?body=1" for 127.0.0.1 at 2016-10-11 15:16:35 +0200


Started GET "/assets/scaffolds.self-1c9c7b2854cc18183e018b7cda46f4f260ada28d8237bf2117c9a40ef9961b78.css?body=1" for 127.0.0.1 at 2016-10-11 15:16:35 +0200


Started GET "/assets/application.self-e80e8f2318043e8af94dddc2adad5a4f09739a8ebb323b3ab31cd71d45fd9113.css?body=1" for 127.0.0.1 at 2016-10-11 15:16:35 +0200


Started GET "/assets/users.self-e3b0c44298fc1c149afbf4c8996fb92427ae41e4649b934ca495991b7852b855.css?body=1" for 127.0.0.1 at 2016-10-11 15:16:35 +0200


Started GET "/assets/jquery.self-bd7ddd393353a8d2480a622e80342adf488fb6006d667e8b42e4c0073393abee.js?body=1" for 127.0.0.1 at 2016-10-11 15:16:35 +0200


Started GET "/assets/microposts.self-877aef30ae1b040ab8a3aba4e3e309a11d7f2612f44dde450b5c157aa5f95c05.js?body=1" for 127.0.0.1 at 2016-10-11 15:16:35 +0200


Started GET "/assets/turbolinks.self-c5acd7a204f5f25ce7a1d8a0e4d92e28d34c9e2df2c7371cd7af88e147e4ad82.js?body=1" for 127.0.0.1 at 2016-10-11 15:16:35 +0200


Started GET "/assets/application.self-3b8dabdc891efe46b9a144b400ad69e37d7e5876bdc39dee783419a69d7ca819.js?body=1" for 127.0.0.1 at 2016-10-11 15:16:35 +0200


Started GET "/assets/users.self-877aef30ae1b040ab8a3aba4e3e309a11d7f2612f44dde450b5c157aa5f95c05.js?body=1" for 127.0.0.1 at 2016-10-11 15:16:35 +0200


Started GET "/assets/jquery_ujs.self-784a997f6726036b1993eb2217c9cb558e1cbb801c6da88105588c56f13b466a.js?body=1" for 127.0.0.1 at 2016-10-11 15:16:35 +0200


Started GET "/microposts/new" for 127.0.0.1 at 2016-10-11 15:16:38 +0200
Processing by MicropostsController#new as HTML
  Rendered microposts/_form.html.erb (26.3ms)
  Rendered microposts/new.html.erb within layouts/application (31.1ms)
Completed 200 OK in 64ms (Views: 50.7ms | ActiveRecord: 0.4ms)


Started POST "/microposts" for 127.0.0.1 at 2016-10-11 15:16:56 +0200
Processing by MicropostsController#create as HTML
  Parameters: {"utf8"=>"✓", "authenticity_token"=>"u6ZB9Mf6VokAzW3N1M4BeWPEnHGyhc0VERzAtLkdkXYnugVOqRKDb+TzzmAz1J7yePfboL83Z1Q27SL2MGw45Q==", "micropost"=>{"content"=>"asdffffffffffffffffffffffffffffffffffffffffffffffffffffffffffffffffffffffffffffffffffffffffffffffffffffffffffffffffff", "user_id"=>"1"}, "commit"=>"Create Micropost"}
  [1m[36m (0.2ms)[0m  [1mBEGIN[0m
  [1m[35mSQL (13.2ms)[0m  INSERT INTO `microposts` (`content`, `user_id`, `created_at`, `updated_at`) VALUES ('asdffffffffffffffffffffffffffffffffffffffffffffffffffffffffffffffffffffffffffffffffffffffffffffffffffffffffffffffffff', 1, '2016-10-11 13:16:56', '2016-10-11 13:16:56')
  [1m[36m (38.5ms)[0m  [1mCOMMIT[0m
Redirected to http://localhost:3000/microposts/1
Completed 302 Found in 57ms (ActiveRecord: 51.9ms)


Started GET "/microposts/1" for 127.0.0.1 at 2016-10-11 15:16:56 +0200
Processing by MicropostsController#show as HTML
  Parameters: {"id"=>"1"}
  [1m[35mMicropost Load (11.6ms)[0m  SELECT  `microposts`.* FROM `microposts` WHERE `microposts`.`id` = 1 LIMIT 1
  Rendered microposts/show.html.erb within layouts/application (6.4ms)
Completed 200 OK in 79ms (Views: 25.6ms | ActiveRecord: 11.6ms)


Started GET "/microposts/1" for 127.0.0.1 at 2016-10-11 15:17:35 +0200
Processing by MicropostsController#show as HTML
  Parameters: {"id"=>"1"}
  [1m[36mMicropost Load (0.4ms)[0m  [1mSELECT  `microposts`.* FROM `microposts` WHERE `microposts`.`id` = 1 LIMIT 1[0m
  Rendered microposts/show.html.erb within layouts/application (0.4ms)
Completed 200 OK in 41ms (Views: 32.2ms | ActiveRecord: 2.5ms)


Started GET "/assets/microposts.self-e3b0c44298fc1c149afbf4c8996fb92427ae41e4649b934ca495991b7852b855.css?body=1" for 127.0.0.1 at 2016-10-11 15:17:35 +0200


Started GET "/assets/users.self-e3b0c44298fc1c149afbf4c8996fb92427ae41e4649b934ca495991b7852b855.css?body=1" for 127.0.0.1 at 2016-10-11 15:17:35 +0200


Started GET "/assets/scaffolds.self-1c9c7b2854cc18183e018b7cda46f4f260ada28d8237bf2117c9a40ef9961b78.css?body=1" for 127.0.0.1 at 2016-10-11 15:17:35 +0200


Started GET "/assets/application.self-e80e8f2318043e8af94dddc2adad5a4f09739a8ebb323b3ab31cd71d45fd9113.css?body=1" for 127.0.0.1 at 2016-10-11 15:17:35 +0200


Started GET "/assets/jquery_ujs.self-784a997f6726036b1993eb2217c9cb558e1cbb801c6da88105588c56f13b466a.js?body=1" for 127.0.0.1 at 2016-10-11 15:17:35 +0200


Started GET "/assets/jquery.self-bd7ddd393353a8d2480a622e80342adf488fb6006d667e8b42e4c0073393abee.js?body=1" for 127.0.0.1 at 2016-10-11 15:17:35 +0200


Started GET "/assets/turbolinks.self-c5acd7a204f5f25ce7a1d8a0e4d92e28d34c9e2df2c7371cd7af88e147e4ad82.js?body=1" for 127.0.0.1 at 2016-10-11 15:17:35 +0200


Started GET "/assets/microposts.self-877aef30ae1b040ab8a3aba4e3e309a11d7f2612f44dde450b5c157aa5f95c05.js?body=1" for 127.0.0.1 at 2016-10-11 15:17:35 +0200


Started GET "/assets/application.self-3b8dabdc891efe46b9a144b400ad69e37d7e5876bdc39dee783419a69d7ca819.js?body=1" for 127.0.0.1 at 2016-10-11 15:17:35 +0200


Started GET "/assets/users.self-877aef30ae1b040ab8a3aba4e3e309a11d7f2612f44dde450b5c157aa5f95c05.js?body=1" for 127.0.0.1 at 2016-10-11 15:17:35 +0200


Started GET "/microposts/1/edit" for 127.0.0.1 at 2016-10-11 15:17:38 +0200
Processing by MicropostsController#edit as HTML
  Parameters: {"id"=>"1"}
  [1m[35mMicropost Load (0.4ms)[0m  SELECT  `microposts`.* FROM `microposts` WHERE `microposts`.`id` = 1 LIMIT 1
  Rendered microposts/_form.html.erb (4.0ms)
  Rendered microposts/edit.html.erb within layouts/application (8.5ms)
Completed 200 OK in 58ms (Views: 56.6ms | ActiveRecord: 0.4ms)


Started PATCH "/microposts/1" for 127.0.0.1 at 2016-10-11 15:17:47 +0200
Processing by MicropostsController#update as HTML
  Parameters: {"utf8"=>"✓", "authenticity_token"=>"MVpFyDfyVw2aYUD7YJzfy+BrpR5lgpOC+Fhyhu9dzpGtRgFyWRqC635f41aHhkBA+1jiz2gwOcPfqZDEZixnAg==", "micropost"=>{"content"=>"asdffffffffffffffffffffffffffffffffffffffffffffffffffffffffsdFSSSSasdddddddddddddddddddddddddddddddddddddddddddddddddddddddddddddddddddddddddddddddddddddddffffffffffffffffffffffffffffffffffffffffffffffffffffffffff", "user_id"=>"1"}, "commit"=>"Update Micropost", "id"=>"1"}
  [1m[36mMicropost Load (0.4ms)[0m  [1mSELECT  `microposts`.* FROM `microposts` WHERE `microposts`.`id` = 1 LIMIT 1[0m
  [1m[35m (0.2ms)[0m  BEGIN
  [1m[36m (0.2ms)[0m  [1mROLLBACK[0m
  Rendered microposts/_form.html.erb (1.9ms)
  Rendered microposts/edit.html.erb within layouts/application (2.6ms)
Completed 200 OK in 31ms (Views: 26.3ms | ActiveRecord: 0.8ms)


Started GET "/microposts/1" for 127.0.0.1 at 2016-10-11 15:22:44 +0200
Processing by MicropostsController#show as HTML
  Parameters: {"id"=>"1"}
  [1m[35mMicropost Load (0.3ms)[0m  SELECT  `microposts`.* FROM `microposts` WHERE `microposts`.`id` = 1 LIMIT 1
  Rendered microposts/show.html.erb within layouts/application (1.9ms)
Completed 200 OK in 67ms (Views: 29.9ms | ActiveRecord: 1.7ms)


Started GET "/assets/microposts.self-e3b0c44298fc1c149afbf4c8996fb92427ae41e4649b934ca495991b7852b855.css?body=1" for 127.0.0.1 at 2016-10-11 15:22:44 +0200


Started GET "/assets/jquery.self-bd7ddd393353a8d2480a622e80342adf488fb6006d667e8b42e4c0073393abee.js?body=1" for 127.0.0.1 at 2016-10-11 15:22:44 +0200


Started GET "/assets/application.self-e80e8f2318043e8af94dddc2adad5a4f09739a8ebb323b3ab31cd71d45fd9113.css?body=1" for 127.0.0.1 at 2016-10-11 15:22:44 +0200


Started GET "/assets/turbolinks.self-c5acd7a204f5f25ce7a1d8a0e4d92e28d34c9e2df2c7371cd7af88e147e4ad82.js?body=1" for 127.0.0.1 at 2016-10-11 15:22:44 +0200


Started GET "/assets/users.self-e3b0c44298fc1c149afbf4c8996fb92427ae41e4649b934ca495991b7852b855.css?body=1" for 127.0.0.1 at 2016-10-11 15:22:44 +0200


Started GET "/assets/scaffolds.self-1c9c7b2854cc18183e018b7cda46f4f260ada28d8237bf2117c9a40ef9961b78.css?body=1" for 127.0.0.1 at 2016-10-11 15:22:44 +0200


Started GET "/assets/jquery_ujs.self-784a997f6726036b1993eb2217c9cb558e1cbb801c6da88105588c56f13b466a.js?body=1" for 127.0.0.1 at 2016-10-11 15:22:44 +0200


Started GET "/assets/microposts.self-877aef30ae1b040ab8a3aba4e3e309a11d7f2612f44dde450b5c157aa5f95c05.js?body=1" for 127.0.0.1 at 2016-10-11 15:22:44 +0200


Started GET "/assets/users.self-877aef30ae1b040ab8a3aba4e3e309a11d7f2612f44dde450b5c157aa5f95c05.js?body=1" for 127.0.0.1 at 2016-10-11 15:22:44 +0200


Started GET "/assets/application.self-3b8dabdc891efe46b9a144b400ad69e37d7e5876bdc39dee783419a69d7ca819.js?body=1" for 127.0.0.1 at 2016-10-11 15:22:44 +0200


Started GET "/microposts" for 127.0.0.1 at 2016-10-11 15:22:48 +0200
Processing by MicropostsController#index as HTML
  [1m[36mMicropost Load (0.3ms)[0m  [1mSELECT `microposts`.* FROM `microposts`[0m
  Rendered microposts/index.html.erb within layouts/application (1.7ms)
Completed 200 OK in 24ms (Views: 23.4ms | ActiveRecord: 0.3ms)
  [1m[36mUser Load (0.4ms)[0m  [1mSELECT  `users`.* FROM `users`  ORDER BY `users`.`id` ASC LIMIT 1[0m
  [1m[35mMicropost Load (0.4ms)[0m  SELECT `microposts`.* FROM `microposts` WHERE `microposts`.`user_id` = 2


Started GET "/microposts/new" for 127.0.0.1 at 2016-10-11 16:13:15 +0200
  [1m[36mActiveRecord::SchemaMigration Load (0.4ms)[0m  [1mSELECT `schema_migrations`.* FROM `schema_migrations`[0m
Processing by MicropostsController#new as HTML
  Rendered microposts/_form.html.erb (17.2ms)
  Rendered microposts/new.html.erb within layouts/application (20.7ms)
Completed 200 OK in 267ms (Views: 246.3ms | ActiveRecord: 1.2ms)


Started POST "/microposts" for 127.0.0.1 at 2016-10-11 16:13:42 +0200
Processing by MicropostsController#create as HTML
  Parameters: {"utf8"=>"✓", "authenticity_token"=>"+y4NPL0cIq6UDETu67y/A5BC9+qA20KETnk0EvnIQBdnMkmG0/T3SHAy50MMpiCIi3GwO41p6MVpiNZQcLnphA==", "micropost"=>{"content"=>"This is a Micropost", "user_id"=>"1"}, "commit"=>"Create Micropost"}
  [1m[35m (0.2ms)[0m  BEGIN
  [1m[36mSQL (0.8ms)[0m  [1mINSERT INTO `microposts` (`content`, `user_id`, `created_at`, `updated_at`) VALUES ('This is a Micropost', 1, '2016-10-11 14:13:42', '2016-10-11 14:13:42')[0m
  [1m[35m (30.7ms)[0m  COMMIT
Redirected to http://localhost:3000/microposts/2
Completed 302 Found in 37ms (ActiveRecord: 31.7ms)


Started GET "/microposts/2" for 127.0.0.1 at 2016-10-11 16:13:42 +0200
Processing by MicropostsController#show as HTML
  Parameters: {"id"=>"2"}
  [1m[36mMicropost Load (0.4ms)[0m  [1mSELECT  `microposts`.* FROM `microposts` WHERE `microposts`.`id` = 2 LIMIT 1[0m
  Rendered microposts/show.html.erb within layouts/application (1.1ms)
Completed 200 OK in 33ms (Views: 23.9ms | ActiveRecord: 0.4ms)


Started GET "/microposts" for 127.0.0.1 at 2016-10-11 16:13:45 +0200
Processing by MicropostsController#index as HTML
  [1m[35mMicropost Load (0.5ms)[0m  SELECT `microposts`.* FROM `microposts`
  Rendered microposts/index.html.erb within layouts/application (2.5ms)
Completed 200 OK in 24ms (Views: 22.7ms | ActiveRecord: 0.5ms)


Started DELETE "/microposts/1" for 127.0.0.1 at 2016-10-11 16:13:48 +0200
Processing by MicropostsController#destroy as HTML
  Parameters: {"authenticity_token"=>"gW99hjFH2rw5CqtVHG+AwPOaLCnC/IHExi5PTznfEokdczk8X68PWt00CPj7dR9L6Klr+M9OK4Xh360NsK67Gg==", "id"=>"1"}
  [1m[36mMicropost Load (0.4ms)[0m  [1mSELECT  `microposts`.* FROM `microposts` WHERE `microposts`.`id` = 1 LIMIT 1[0m
  [1m[35m (0.2ms)[0m  BEGIN
  [1m[36mSQL (0.3ms)[0m  [1mDELETE FROM `microposts` WHERE `microposts`.`id` = 1[0m
  [1m[35m (31.6ms)[0m  COMMIT
Redirected to http://localhost:3000/microposts
Completed 302 Found in 35ms (ActiveRecord: 32.4ms)


Started GET "/microposts" for 127.0.0.1 at 2016-10-11 16:13:48 +0200
Processing by MicropostsController#index as HTML
  [1m[36mMicropost Load (0.3ms)[0m  [1mSELECT `microposts`.* FROM `microposts`[0m
  Rendered microposts/index.html.erb within layouts/application (1.4ms)
Completed 200 OK in 22ms (Views: 20.7ms | ActiveRecord: 0.3ms)


Started GET "/microposts/new" for 127.0.0.1 at 2016-10-11 16:13:51 +0200
Processing by MicropostsController#new as HTML
  Rendered microposts/_form.html.erb (1.6ms)
  Rendered microposts/new.html.erb within layouts/application (2.6ms)
Completed 200 OK in 23ms (Views: 22.6ms | ActiveRecord: 0.0ms)


Started POST "/microposts" for 127.0.0.1 at 2016-10-11 16:14:01 +0200
Processing by MicropostsController#create as HTML
  Parameters: {"utf8"=>"✓", "authenticity_token"=>"pKXhusj19byhmvlypJ59f9XFhun1g/DjtNMW0uiDLwo4uaUAph0gWkWkWt9DhOL0zvbBOPgxWqKTIvSQYfKGmQ==", "micropost"=>{"content"=>"Other micropost", "user_id"=>"2"}, "commit"=>"Create Micropost"}
  [1m[35m (0.1ms)[0m  BEGIN
  [1m[36mSQL (0.3ms)[0m  [1mINSERT INTO `microposts` (`content`, `user_id`, `created_at`, `updated_at`) VALUES ('Other micropost', 2, '2016-10-11 14:14:01', '2016-10-11 14:14:01')[0m
  [1m[35m (15.0ms)[0m  COMMIT
Redirected to http://localhost:3000/microposts/3
Completed 302 Found in 26ms (ActiveRecord: 15.4ms)


Started GET "/microposts/3" for 127.0.0.1 at 2016-10-11 16:14:01 +0200
Processing by MicropostsController#show as HTML
  Parameters: {"id"=>"3"}
  [1m[36mMicropost Load (0.4ms)[0m  [1mSELECT  `microposts`.* FROM `microposts` WHERE `microposts`.`id` = 3 LIMIT 1[0m
  Rendered microposts/show.html.erb within layouts/application (1.1ms)
Completed 200 OK in 30ms (Views: 26.2ms | ActiveRecord: 0.4ms)


Started GET "/microposts" for 127.0.0.1 at 2016-10-11 16:14:03 +0200
Processing by MicropostsController#index as HTML
  [1m[35mMicropost Load (0.4ms)[0m  SELECT `microposts`.* FROM `microposts`
  Rendered microposts/index.html.erb within layouts/application (3.6ms)
Completed 200 OK in 27ms (Views: 25.8ms | ActiveRecord: 0.4ms)


Started GET "/microposts/new" for 127.0.0.1 at 2016-10-11 16:14:04 +0200
Processing by MicropostsController#new as HTML
  Rendered microposts/_form.html.erb (4.4ms)
  Rendered microposts/new.html.erb within layouts/application (6.2ms)
Completed 200 OK in 42ms (Views: 41.7ms | ActiveRecord: 0.0ms)


Started POST "/microposts" for 127.0.0.1 at 2016-10-11 16:14:10 +0200
Processing by MicropostsController#create as HTML
  Parameters: {"utf8"=>"✓", "authenticity_token"=>"kcfzRnwAkha3RHQNiNVKlXVII/OSX0v8R00BSSl4sx0N27f8EuhH8FN616Bvz9UebntkIp/t4b1gvOMLoAkajg==", "micropost"=>{"content"=>"Micro", "user_id"=>"1"}, "commit"=>"Create Micropost"}
  [1m[36m (0.3ms)[0m  [1mBEGIN[0m
  [1m[35mSQL (0.2ms)[0m  INSERT INTO `microposts` (`content`, `user_id`, `created_at`, `updated_at`) VALUES ('Micro', 1, '2016-10-11 14:14:10', '2016-10-11 14:14:10')
  [1m[36m (44.3ms)[0m  [1mCOMMIT[0m
Redirected to http://localhost:3000/microposts/4
Completed 302 Found in 51ms (ActiveRecord: 44.8ms)


Started GET "/microposts/4" for 127.0.0.1 at 2016-10-11 16:14:11 +0200
Processing by MicropostsController#show as HTML
  Parameters: {"id"=>"4"}
  [1m[35mMicropost Load (0.3ms)[0m  SELECT  `microposts`.* FROM `microposts` WHERE `microposts`.`id` = 4 LIMIT 1
  Rendered microposts/show.html.erb within layouts/application (0.6ms)
Completed 200 OK in 20ms (Views: 18.9ms | ActiveRecord: 0.3ms)


Started GET "/microposts" for 127.0.0.1 at 2016-10-11 16:14:15 +0200
Processing by MicropostsController#index as HTML
  [1m[36mMicropost Load (0.3ms)[0m  [1mSELECT `microposts`.* FROM `microposts`[0m
  Rendered microposts/index.html.erb within layouts/application (1.9ms)
Completed 200 OK in 27ms (Views: 25.9ms | ActiveRecord: 0.3ms)


Started GET "/user" for 127.0.0.1 at 2016-10-11 16:14:30 +0200

ActionController::RoutingError (No route matches [GET] "/user"):
  actionpack (4.2.6) lib/action_dispatch/middleware/debug_exceptions.rb:21:in `call'
  web-console (2.3.0) lib/web_console/middleware.rb:28:in `block in call'
  web-console (2.3.0) lib/web_console/middleware.rb:18:in `catch'
  web-console (2.3.0) lib/web_console/middleware.rb:18:in `call'
  actionpack (4.2.6) lib/action_dispatch/middleware/show_exceptions.rb:30:in `call'
  railties (4.2.6) lib/rails/rack/logger.rb:38:in `call_app'
  railties (4.2.6) lib/rails/rack/logger.rb:20:in `block in call'
  activesupport (4.2.6) lib/active_support/tagged_logging.rb:68:in `block in tagged'
  activesupport (4.2.6) lib/active_support/tagged_logging.rb:26:in `tagged'
  activesupport (4.2.6) lib/active_support/tagged_logging.rb:68:in `tagged'
  railties (4.2.6) lib/rails/rack/logger.rb:20:in `call'
  actionpack (4.2.6) lib/action_dispatch/middleware/request_id.rb:21:in `call'
  rack (1.6.4) lib/rack/methodoverride.rb:22:in `call'
  rack (1.6.4) lib/rack/runtime.rb:18:in `call'
  activesupport (4.2.6) lib/active_support/cache/strategy/local_cache_middleware.rb:28:in `call'
  rack (1.6.4) lib/rack/lock.rb:17:in `call'
  actionpack (4.2.6) lib/action_dispatch/middleware/static.rb:120:in `call'
  rack (1.6.4) lib/rack/sendfile.rb:113:in `call'
  railties (4.2.6) lib/rails/engine.rb:518:in `call'
  railties (4.2.6) lib/rails/application.rb:165:in `call'
  rack (1.6.4) lib/rack/lock.rb:17:in `call'
  rack (1.6.4) lib/rack/content_length.rb:15:in `call'
  rack (1.6.4) lib/rack/handler/webrick.rb:88:in `service'
  /home/deborah/.rbenv/versions/2.3.1/lib/ruby/2.3.0/webrick/httpserver.rb:140:in `service'
  /home/deborah/.rbenv/versions/2.3.1/lib/ruby/2.3.0/webrick/httpserver.rb:96:in `run'
  /home/deborah/.rbenv/versions/2.3.1/lib/ruby/2.3.0/webrick/server.rb:296:in `block in start_thread'


  Rendered /home/deborah/.rbenv/versions/2.3.1/lib/ruby/gems/2.3.0/gems/actionpack-4.2.6/lib/action_dispatch/middleware/templates/rescues/_trace.html.erb (1.7ms)
  Rendered /home/deborah/.rbenv/versions/2.3.1/lib/ruby/gems/2.3.0/gems/actionpack-4.2.6/lib/action_dispatch/middleware/templates/routes/_route.html.erb (1.7ms)
  Rendered /home/deborah/.rbenv/versions/2.3.1/lib/ruby/gems/2.3.0/gems/actionpack-4.2.6/lib/action_dispatch/middleware/templates/routes/_table.html.erb (12.9ms)
  Rendered /home/deborah/.rbenv/versions/2.3.1/lib/ruby/gems/2.3.0/gems/actionpack-4.2.6/lib/action_dispatch/middleware/templates/rescues/_request_and_response.html.erb (1.7ms)
  Rendered /home/deborah/.rbenv/versions/2.3.1/lib/ruby/gems/2.3.0/gems/actionpack-4.2.6/lib/action_dispatch/middleware/templates/rescues/routing_error.html.erb within rescues/layout (52.1ms)
  Rendered /home/deborah/.rbenv/versions/2.3.1/lib/ruby/gems/2.3.0/gems/web-console-2.3.0/lib/web_console/templates/_markup.html.erb (1.5ms)
  Rendered /home/deborah/.rbenv/versions/2.3.1/lib/ruby/gems/2.3.0/gems/web-console-2.3.0/lib/web_console/templates/_inner_console_markup.html.erb within layouts/inlined_string (0.7ms)
  Rendered /home/deborah/.rbenv/versions/2.3.1/lib/ruby/gems/2.3.0/gems/web-console-2.3.0/lib/web_console/templates/_prompt_box_markup.html.erb within layouts/inlined_string (0.3ms)
  Rendered /home/deborah/.rbenv/versions/2.3.1/lib/ruby/gems/2.3.0/gems/web-console-2.3.0/lib/web_console/templates/style.css.erb within layouts/inlined_string (0.4ms)
  Rendered /home/deborah/.rbenv/versions/2.3.1/lib/ruby/gems/2.3.0/gems/web-console-2.3.0/lib/web_console/templates/console.js.erb within layouts/javascript (25.5ms)
  Rendered /home/deborah/.rbenv/versions/2.3.1/lib/ruby/gems/2.3.0/gems/web-console-2.3.0/lib/web_console/templates/main.js.erb within layouts/javascript (0.4ms)
  Rendered /home/deborah/.rbenv/versions/2.3.1/lib/ruby/gems/2.3.0/gems/web-console-2.3.0/lib/web_console/templates/error_page.js.erb within layouts/javascript (0.7ms)
  Rendered /home/deborah/.rbenv/versions/2.3.1/lib/ruby/gems/2.3.0/gems/web-console-2.3.0/lib/web_console/templates/index.html.erb (68.6ms)


Started GET "/users" for 127.0.0.1 at 2016-10-11 16:14:32 +0200
Processing by UsersController#index as HTML
  [1m[35mUser Load (0.3ms)[0m  SELECT `users`.* FROM `users`
  Rendered users/index.html.erb within layouts/application (6.8ms)
Completed 200 OK in 48ms (Views: 42.5ms | ActiveRecord: 0.9ms)


Started GET "/users/new" for 127.0.0.1 at 2016-10-11 16:14:35 +0200
Processing by UsersController#new as HTML
  Rendered users/_form.html.erb (2.1ms)
  Rendered users/new.html.erb within layouts/application (3.7ms)
Completed 200 OK in 70ms (Views: 61.3ms | ActiveRecord: 0.0ms)


Started POST "/users" for 127.0.0.1 at 2016-10-11 16:14:48 +0200
Processing by UsersController#create as HTML
  Parameters: {"utf8"=>"✓", "authenticity_token"=>"Ye9DVFVlwy/rxqwMjDVy1a641zL1yNWZ37jac75cYSD98wfuO40WyQ/4D6FrL+1etYuQ4/h6f9j4STgxNy3Isw==", "user"=>{"name"=>"Friedrich", "email"=>"fred@example.com"}, "commit"=>"Create User"}
  [1m[36m (1.0ms)[0m  [1mBEGIN[0m
  [1m[35mSQL (1.4ms)[0m  INSERT INTO `users` (`name`, `email`, `created_at`, `updated_at`) VALUES ('Friedrich', 'fred@example.com', '2016-10-11 14:14:48', '2016-10-11 14:14:48')
  [1m[36m (18.6ms)[0m  [1mCOMMIT[0m
Redirected to http://localhost:3000/users/3
Completed 302 Found in 27ms (ActiveRecord: 21.1ms)


Started GET "/users/3" for 127.0.0.1 at 2016-10-11 16:14:48 +0200
Processing by UsersController#show as HTML
  Parameters: {"id"=>"3"}
  [1m[35mUser Load (0.5ms)[0m  SELECT  `users`.* FROM `users` WHERE `users`.`id` = 3 LIMIT 1
  Rendered users/show.html.erb within layouts/application (1.5ms)
Completed 200 OK in 63ms (Views: 57.5ms | ActiveRecord: 0.5ms)


Started GET "/users" for 127.0.0.1 at 2016-10-11 16:14:50 +0200
Processing by UsersController#index as HTML
  [1m[36mUser Load (1.5ms)[0m  [1mSELECT `users`.* FROM `users`[0m
  Rendered users/index.html.erb within layouts/application (3.7ms)
Completed 200 OK in 32ms (Views: 30.0ms | ActiveRecord: 1.5ms)
  [1m[36mUser Load (0.2ms)[0m  [1mSELECT  `users`.* FROM `users`  ORDER BY `users`.`id` ASC LIMIT 1[0m
  [1m[35mMicropost Load (0.3ms)[0m  SELECT `microposts`.* FROM `microposts` WHERE `microposts`.`user_id` = 2
  [1m[36mMicropost Load (0.4ms)[0m  [1mSELECT  `microposts`.* FROM `microposts`  ORDER BY `microposts`.`id` ASC LIMIT 1[0m
  [1m[35mUser Load (0.5ms)[0m  SELECT  `users`.* FROM `users` WHERE `users`.`id` = 1 LIMIT 1
